level=WARN ts=2022-08-25 11:01:21.969 caller=restartedMain component=org.springframework.boot.autoconfigure.orm.jpa.JpaBaseConfiguration$JpaWebConfiguration discovery=D msg=spring.jpa.open-in-view is enabled by default. Therefore, database queries may be performed during view rendering. Explicitly configure spring.jpa.open-in-view to disable this warning
level=WARN ts=2022-08-25 11:01:22.996 caller=restartedMain component=org.springframework.boot.devtools.autoconfigure.OptionalLiveReloadServer discovery=D msg=Unable to start LiveReload server
level=WARN ts=2022-08-25 11:06:54.382 caller=HikariPool-1 housekeeper component=com.zaxxer.hikari.pool.HikariPool$HouseKeeper discovery=D msg=HikariPool-1 - Thread starvation or clock leap detected (housekeeper delta=4m4s428ms276µs925ns).
level=WARN ts=2022-08-25 11:07:16.013 caller=restartedMain component=org.springframework.boot.autoconfigure.orm.jpa.JpaBaseConfiguration$JpaWebConfiguration discovery=D msg=spring.jpa.open-in-view is enabled by default. Therefore, database queries may be performed during view rendering. Explicitly configure spring.jpa.open-in-view to disable this warning
level=WARN ts=2022-08-25 11:07:17.090 caller=restartedMain component=org.springframework.boot.devtools.autoconfigure.OptionalLiveReloadServer discovery=D msg=Unable to start LiveReload server
level=WARN ts=2022-08-25 11:09:37.437 caller=restartedMain component=org.springframework.boot.autoconfigure.orm.jpa.JpaBaseConfiguration$JpaWebConfiguration discovery=D msg=spring.jpa.open-in-view is enabled by default. Therefore, database queries may be performed during view rendering. Explicitly configure spring.jpa.open-in-view to disable this warning
level=WARN ts=2022-08-25 11:09:38.492 caller=restartedMain component=org.springframework.boot.devtools.autoconfigure.OptionalLiveReloadServer discovery=D msg=Unable to start LiveReload server
level=WARN ts=2022-08-25 11:11:11.136 caller=HikariPool-1 housekeeper component=com.zaxxer.hikari.pool.HikariPool$HouseKeeper discovery=D msg=HikariPool-1 - Thread starvation or clock leap detected (housekeeper delta=1m5s878ms613µs251ns).
level=WARN ts=2022-08-25 12:27:13.069 caller=HikariPool-1 housekeeper component=com.zaxxer.hikari.pool.HikariPool$HouseKeeper discovery=D msg=HikariPool-1 - Thread starvation or clock leap detected (housekeeper delta=1h8m31s920ms664µs765ns).
level=WARN ts=2022-08-25 12:27:26.767 caller=restartedMain component=org.springframework.boot.autoconfigure.orm.jpa.JpaBaseConfiguration$JpaWebConfiguration discovery=D msg=spring.jpa.open-in-view is enabled by default. Therefore, database queries may be performed during view rendering. Explicitly configure spring.jpa.open-in-view to disable this warning
level=WARN ts=2022-08-25 12:27:27.555 caller=restartedMain component=org.springframework.boot.devtools.autoconfigure.OptionalLiveReloadServer discovery=D msg=Unable to start LiveReload server
level=WARN ts=2022-08-25 12:29:45.714 caller=restartedMain component=org.springframework.boot.autoconfigure.orm.jpa.JpaBaseConfiguration$JpaWebConfiguration discovery=D msg=spring.jpa.open-in-view is enabled by default. Therefore, database queries may be performed during view rendering. Explicitly configure spring.jpa.open-in-view to disable this warning
level=WARN ts=2022-08-25 12:29:46.958 caller=restartedMain component=org.springframework.boot.devtools.autoconfigure.OptionalLiveReloadServer discovery=D msg=Unable to start LiveReload server
level=WARN ts=2022-08-25 12:35:51.004 caller=restartedMain component=org.springframework.boot.autoconfigure.orm.jpa.JpaBaseConfiguration$JpaWebConfiguration discovery=D msg=spring.jpa.open-in-view is enabled by default. Therefore, database queries may be performed during view rendering. Explicitly configure spring.jpa.open-in-view to disable this warning
level=WARN ts=2022-08-25 12:35:52.333 caller=restartedMain component=org.springframework.boot.devtools.autoconfigure.OptionalLiveReloadServer discovery=D msg=Unable to start LiveReload server
level=WARN ts=2022-08-25 12:40:39.958 caller=restartedMain component=org.springframework.boot.autoconfigure.orm.jpa.JpaBaseConfiguration$JpaWebConfiguration discovery=D msg=spring.jpa.open-in-view is enabled by default. Therefore, database queries may be performed during view rendering. Explicitly configure spring.jpa.open-in-view to disable this warning
level=WARN ts=2022-08-25 12:40:41.315 caller=restartedMain component=org.springframework.boot.devtools.autoconfigure.OptionalLiveReloadServer discovery=D msg=Unable to start LiveReload server
level=WARN ts=2022-08-25 12:46:20.116 caller=restartedMain component=org.springframework.boot.autoconfigure.orm.jpa.JpaBaseConfiguration$JpaWebConfiguration discovery=D msg=spring.jpa.open-in-view is enabled by default. Therefore, database queries may be performed during view rendering. Explicitly configure spring.jpa.open-in-view to disable this warning
level=WARN ts=2022-08-25 12:46:21.285 caller=restartedMain component=org.springframework.boot.devtools.autoconfigure.OptionalLiveReloadServer discovery=D msg=Unable to start LiveReload server
level=WARN ts=2022-08-25 12:46:42.548 caller=http-nio-8081-exec-1 component=org.springframework.web.servlet.handler.AbstractHandlerExceptionResolver discovery=D msg=Resolved [com.lms.User.Exceptions.OTPNotReceivedException: Server did not send an OTP for user: Rania A]
level=WARN ts=2022-08-25 12:49:41.297 caller=restartedMain component=org.springframework.boot.autoconfigure.orm.jpa.JpaBaseConfiguration$JpaWebConfiguration discovery=D msg=spring.jpa.open-in-view is enabled by default. Therefore, database queries may be performed during view rendering. Explicitly configure spring.jpa.open-in-view to disable this warning
level=WARN ts=2022-08-25 12:49:42.450 caller=restartedMain component=org.springframework.boot.devtools.autoconfigure.OptionalLiveReloadServer discovery=D msg=Unable to start LiveReload server
level=WARN ts=2022-08-25 13:45:12.737 caller=restartedMain component=org.springframework.boot.autoconfigure.orm.jpa.JpaBaseConfiguration$JpaWebConfiguration discovery=D msg=spring.jpa.open-in-view is enabled by default. Therefore, database queries may be performed during view rendering. Explicitly configure spring.jpa.open-in-view to disable this warning
level=WARN ts=2022-08-25 13:53:11.336 caller=restartedMain component=org.springframework.boot.autoconfigure.orm.jpa.JpaBaseConfiguration$JpaWebConfiguration discovery=D msg=spring.jpa.open-in-view is enabled by default. Therefore, database queries may be performed during view rendering. Explicitly configure spring.jpa.open-in-view to disable this warning
level=WARN ts=2022-08-25 14:07:07.453 caller=restartedMain component=org.springframework.boot.autoconfigure.orm.jpa.JpaBaseConfiguration$JpaWebConfiguration discovery=D msg=spring.jpa.open-in-view is enabled by default. Therefore, database queries may be performed during view rendering. Explicitly configure spring.jpa.open-in-view to disable this warning
level=WARN ts=2022-08-25 14:13:55.804 caller=restartedMain component=org.springframework.boot.autoconfigure.orm.jpa.JpaBaseConfiguration$JpaWebConfiguration discovery=D msg=spring.jpa.open-in-view is enabled by default. Therefore, database queries may be performed during view rendering. Explicitly configure spring.jpa.open-in-view to disable this warning
level=WARN ts=2022-08-25 14:17:22.352 caller=restartedMain component=org.springframework.boot.autoconfigure.orm.jpa.JpaBaseConfiguration$JpaWebConfiguration discovery=D msg=spring.jpa.open-in-view is enabled by default. Therefore, database queries may be performed during view rendering. Explicitly configure spring.jpa.open-in-view to disable this warning
level=WARN ts=2022-08-25 14:45:20.087 caller=restartedMain component=org.springframework.boot.autoconfigure.orm.jpa.JpaBaseConfiguration$JpaWebConfiguration discovery=D msg=spring.jpa.open-in-view is enabled by default. Therefore, database queries may be performed during view rendering. Explicitly configure spring.jpa.open-in-view to disable this warning
level=WARN ts=2022-08-25 14:45:20.935 caller=restartedMain component=org.springframework.boot.devtools.autoconfigure.OptionalLiveReloadServer discovery=D msg=Unable to start LiveReload server
level=WARN ts=2022-08-25 15:39:09.932 caller=restartedMain component=org.springframework.boot.autoconfigure.orm.jpa.JpaBaseConfiguration$JpaWebConfiguration discovery=D msg=spring.jpa.open-in-view is enabled by default. Therefore, database queries may be performed during view rendering. Explicitly configure spring.jpa.open-in-view to disable this warning
level=WARN ts=2022-08-25 15:39:10.822 caller=restartedMain component=org.springframework.boot.devtools.autoconfigure.OptionalLiveReloadServer discovery=D msg=Unable to start LiveReload server
level=WARN ts=2022-08-25 15:40:33.104 caller=restartedMain component=org.springframework.boot.autoconfigure.orm.jpa.JpaBaseConfiguration$JpaWebConfiguration discovery=D msg=spring.jpa.open-in-view is enabled by default. Therefore, database queries may be performed during view rendering. Explicitly configure spring.jpa.open-in-view to disable this warning
level=WARN ts=2022-08-25 15:40:34.190 caller=restartedMain component=org.springframework.boot.devtools.autoconfigure.OptionalLiveReloadServer discovery=D msg=Unable to start LiveReload server
level=WARN ts=2022-08-25 16:00:05.125 caller=restartedMain component=org.springframework.boot.autoconfigure.orm.jpa.JpaBaseConfiguration$JpaWebConfiguration discovery=D msg=spring.jpa.open-in-view is enabled by default. Therefore, database queries may be performed during view rendering. Explicitly configure spring.jpa.open-in-view to disable this warning
level=WARN ts=2022-08-25 16:00:06.130 caller=restartedMain component=org.springframework.boot.devtools.autoconfigure.OptionalLiveReloadServer discovery=D msg=Unable to start LiveReload server
level=WARN ts=2022-08-25 16:01:44.672 caller=restartedMain component=org.springframework.boot.autoconfigure.orm.jpa.JpaBaseConfiguration$JpaWebConfiguration discovery=D msg=spring.jpa.open-in-view is enabled by default. Therefore, database queries may be performed during view rendering. Explicitly configure spring.jpa.open-in-view to disable this warning
level=WARN ts=2022-08-25 16:01:45.742 caller=restartedMain component=org.springframework.boot.devtools.autoconfigure.OptionalLiveReloadServer discovery=D msg=Unable to start LiveReload server
level=WARN ts=2022-08-25 16:05:46.457 caller=restartedMain component=org.springframework.boot.autoconfigure.orm.jpa.JpaBaseConfiguration$JpaWebConfiguration discovery=D msg=spring.jpa.open-in-view is enabled by default. Therefore, database queries may be performed during view rendering. Explicitly configure spring.jpa.open-in-view to disable this warning
level=WARN ts=2022-08-25 16:05:48.411 caller=restartedMain component=org.springframework.boot.devtools.autoconfigure.OptionalLiveReloadServer discovery=D msg=Unable to start LiveReload server
level=WARN ts=2022-08-25 16:07:45.739 caller=restartedMain component=org.springframework.boot.autoconfigure.orm.jpa.JpaBaseConfiguration$JpaWebConfiguration discovery=D msg=spring.jpa.open-in-view is enabled by default. Therefore, database queries may be performed during view rendering. Explicitly configure spring.jpa.open-in-view to disable this warning
level=WARN ts=2022-08-25 16:07:46.853 caller=restartedMain component=org.springframework.boot.devtools.autoconfigure.OptionalLiveReloadServer discovery=D msg=Unable to start LiveReload server
